<?xml version="1.0" encoding="UTF-8"?>
<!-- Generated by org.testng.reporters.JUnitReportReporter -->
<testsuite hostname="Gargi_Laptop" failures="0" tests="2" name="Parallel.ParallelRun" time="9.978" errors="0" timestamp="2024-06-09T08:59:07 EDT" skipped="0">
  <testcase classname="Parallel.ParallelRun" name="runScenario" time="5.125"/>
  <testcase classname="Parallel.ParallelRun" name="runScenario" time="4.853"/>
</testsuite> <!-- Parallel.ParallelRun -->
