<?xml version="1.0" encoding="UTF-8"?>
<!-- Generated by org.testng.reporters.JUnitReportReporter -->
<testsuite hostname="Gargi_Laptop" failures="0" tests="2" name="Parallel.ParallelRun" time="10.599" errors="0" timestamp="2024-06-09T09:19:39 EDT" skipped="0">
  <testcase classname="Parallel.ParallelRun" name="runScenario" time="5.680"/>
  <testcase classname="Parallel.ParallelRun" name="runScenario" time="4.919"/>
</testsuite> <!-- Parallel.ParallelRun -->
